[2024-12-06 17:09:56] [INFO] -----------测试用例请求开始-----------
[2024-12-06 17:09:56] [INFO] 用例名称: test_get_brick_type
[2024-12-06 17:09:56] [INFO] 用户故事: 积木定义-数据采集
[2024-12-06 17:09:56] [INFO] 用例标题: 获取积木类型
[2024-12-06 17:09:56] [INFO] 请求方式: POST
[2024-12-06 17:09:56] [INFO] 请求路径: http://172.18.26.254:8080/api/agnes-ac/v2/block/get-tree-node
[2024-12-06 17:09:56] [INFO] 请求头: {'cookie': "token='token=eyJ0eXAiOiJKV1QiLCJhbGciOiJIUzI1NiJ9.eyJhcHBJZCI6IkFHTkVTIiwidGVuYW50SWQiOiIwIiwiY3J0VHMiOjE3MzM0NzYxOTYsInVzZXJJZCI6ImFnbmVzIn0.owQS917YU1m5KifhIck3wX7CYBanPVzqRnc8b5kOXtE'"}
[2024-12-06 17:09:56] [INFO] 实际响应状态码: 200
[2024-12-06 17:09:56] [INFO] 实际响应内容: {"message":"登录已过期，请重新登录！","ok":false,"status":"9999"}
[2024-12-06 17:09:56] [WARNING] JSONPath 未提取到值: $.data.children[0].id
[2024-12-06 17:09:56] [INFO] equals断言失败: 返回结果中没有键 msgType
[2024-12-06 17:09:56] [INFO] -----------测试用例请求开始-----------
[2024-12-06 17:09:56] [INFO] 用例名称: test_add_interface_collection
[2024-12-06 17:09:56] [INFO] 用户故事: 积木定义-数据采集
[2024-12-06 17:09:56] [INFO] 用例标题: 新增接口采集-积木
[2024-12-06 17:09:56] [INFO] 请求方式: POST
[2024-12-06 17:09:56] [INFO] 请求路径: http://172.18.26.254:8080/api/agnes-ac/v2/block/check/blockName
[2024-12-06 17:09:56] [INFO] 请求头: {'cookie': "token='token=eyJ0eXAiOiJKV1QiLCJhbGciOiJIUzI1NiJ9.eyJhcHBJZCI6IkFHTkVTIiwidGVuYW50SWQiOiIwIiwiY3J0VHMiOjE3MzM0NzYxOTYsInVzZXJJZCI6ImFnbmVzIn0.owQS917YU1m5KifhIck3wX7CYBanPVzqRnc8b5kOXtE'"}
[2024-12-06 17:09:56] [INFO] 请求 JSON 参数: {'blockName': '数据采集-接口积木1', 'dealType': '01'}
[2024-12-06 17:09:56] [INFO] 实际响应状态码: 200
[2024-12-06 17:09:56] [INFO] 实际响应内容: {"message":"登录已过期，请重新登录！","ok":false,"status":"9999"}
[2024-12-06 17:09:56] [INFO] equals断言失败: 返回结果中没有键 msgType
[2024-12-06 17:09:56] [INFO] -----------测试用例请求开始-----------
[2024-12-06 17:09:56] [INFO] 用例名称: test_get_blockCode
[2024-12-06 17:09:56] [INFO] 用户故事: 积木定义-数据采集
[2024-12-06 17:09:56] [INFO] 用例标题: 新增积木后获取blockCode
[2024-12-06 17:09:56] [INFO] 请求方式: POST
[2024-12-06 17:09:56] [INFO] 请求路径: http://172.18.26.254:8080/api/agnes-ac/v2/model/code/get-model-code?model=block
[2024-12-06 17:09:56] [INFO] 请求头: {'cookie': "token='token=eyJ0eXAiOiJKV1QiLCJhbGciOiJIUzI1NiJ9.eyJhcHBJZCI6IkFHTkVTIiwidGVuYW50SWQiOiIwIiwiY3J0VHMiOjE3MzM0NzYxOTYsInVzZXJJZCI6ImFnbmVzIn0.owQS917YU1m5KifhIck3wX7CYBanPVzqRnc8b5kOXtE'"}
[2024-12-06 17:09:56] [INFO] 请求 JSON 参数: {'model': 'block'}
[2024-12-06 17:09:56] [INFO] 实际响应状态码: 200
[2024-12-06 17:09:56] [INFO] 实际响应内容: {"message":"登录已过期，请重新登录！","ok":false,"status":"9999"}
[2024-12-06 17:09:56] [WARNING] JSONPath 未提取到值: $.data
[2024-12-06 17:09:56] [INFO] equals断言失败: 返回结果中没有键 msgType
[2024-12-06 17:09:56] [INFO] -----------测试用例请求开始-----------
[2024-12-06 17:09:57] [INFO] -----------测试用例请求开始-----------
[2024-12-06 17:09:57] [INFO] -----------测试用例请求开始-----------
